<?xml version="1.0" encoding="UTF-8"?>
<!-- Generated by org.testng.reporters.JUnitReportReporter -->
<testsuite hostname="DESKTOP-2HDGKTC" failures="0" tests="5" name="Test1.classtest3" time="0.045" errors="0" timestamp="2023-06-14T15:53:54 IST" skipped="0">
  <testcase classname="Test1.classtest3" name="Aftermethod3classtest3" time="0.004"/>
  <testcase classname="Test1.classtest3" name="Aftermethod4classtest3" time="0.005"/>
  <testcase classname="Test1.classtest3" name="Aftermethod2classtest3" time="0.009"/>
  <testcase classname="Test1.classtest3" name="Aftermethod" time="0.022"/>
  <testcase classname="Test1.classtest3" name="Aftermethod1classtest3" time="0.005"/>
</testsuite> <!-- Test1.classtest3 -->
