<?xml version="1.0" encoding="UTF-8"?>
<!-- Generated by org.testng.reporters.JUnitReportReporter -->
<testsuite hostname="DESKTOP-2HDGKTC" failures="0" tests="5" name="Tests.ClassTest1" time="0.048" errors="0" timestamp="2023-06-15T12:30:03 IST" skipped="1">
  <testcase classname="Tests.ClassTest1" name="Aftermethod4" time="0.012"/>
  <testcase classname="Tests.ClassTest1" name="Aftermethod5" time="0.005"/>
  <testcase classname="Tests.ClassTest1" name="Aftermethod2" time="0.023"/>
  <testcase classname="Tests.ClassTest1" name="Aftermethod3" time="0.008"/>
  <testcase classname="Tests.ClassTest1" name="Aftermethod">
    <skipped/>
  </testcase> <!-- Aftermethod -->
</testsuite> <!-- Tests.ClassTest1 -->
