<?xml version="1.0" encoding="UTF-8"?>
<!-- Generated by org.testng.reporters.JUnitReportReporter -->
<testsuite hostname="DESKTOP-2HDGKTC" failures="0" tests="5" name="Tests.classtest3" time="0.022" errors="0" timestamp="2023-06-15T12:30:03 IST" skipped="0">
  <testcase classname="Tests.classtest3" name="Aftermethod4classtest3" time="0.003"/>
  <testcase classname="Tests.classtest3" name="Aftermethod2classtest3" time="0.005"/>
  <testcase classname="Tests.classtest3" name="Aftermethod" time="0.003"/>
  <testcase classname="Tests.classtest3" name="Aftermethod3classtest3" time="0.008"/>
  <testcase classname="Tests.classtest3" name="Aftermethod1classtest3" time="0.003"/>
</testsuite> <!-- Tests.classtest3 -->
