<?xml version="1.0" encoding="UTF-8"?>
<!-- Generated by org.testng.reporters.JUnitReportReporter -->
<testsuite hostname="DESKTOP-2HDGKTC" failures="0" tests="4" name="assignment.Data_Driven_Using_Excel" time="0.063" errors="0" timestamp="2023-06-19T14:14:18 IST" skipped="0">
  <testcase classname="assignment.Data_Driven_Using_Excel" name="Data" time="0.005"/>
  <testcase classname="assignment.Data_Driven_Using_Excel" name="Data" time="0.030"/>
  <testcase classname="assignment.Data_Driven_Using_Excel" name="Data" time="0.018"/>
  <testcase classname="assignment.Data_Driven_Using_Excel" name="Data" time="0.010"/>
</testsuite> <!-- assignment.Data_Driven_Using_Excel -->
