<?xml version="1.0" encoding="UTF-8"?>
<!-- Generated by org.testng.reporters.JUnitReportReporter -->
<testsuite hostname="DESKTOP-2HDGKTC" failures="0" tests="3" name="Test1.ClassTest1" time="0.040" errors="0" timestamp="2023-06-14T12:30:48 IST" skipped="0">
  <testcase classname="Test1.ClassTest1" name="M4" time="0.013"/>
  <testcase classname="Test1.ClassTest1" name="M5" time="0.008"/>
  <testcase classname="Test1.ClassTest1" name="M1" time="0.019"/>
</testsuite> <!-- Test1.ClassTest1 -->
