<?xml version="1.0" encoding="UTF-8"?>
<!-- Generated by org.testng.reporters.JUnitReportReporter -->
<testsuite hostname="DESKTOP-2HDGKTC" failures="0" tests="5" name="Tests.classtests2" time="0.051" errors="0" timestamp="2023-06-15T12:30:03 IST" skipped="0">
  <testcase classname="Tests.classtests2" name="Aftermethod2classtests2" time="0.012"/>
  <testcase classname="Tests.classtests2" name="Aftermethod4classtests2" time="0.010"/>
  <testcase classname="Tests.classtests2" name="Aftermethod3classtests2" time="0.008"/>
  <testcase classname="Tests.classtests2" name="Aftermethod" time="0.005"/>
  <testcase classname="Tests.classtests2" name="Aftermethod5classtests2" time="0.016"/>
</testsuite> <!-- Tests.classtests2 -->
